# JRE version: Java(TM) SE Runtime Environment (18.0.2.1+1) (build 18.0.2.1+1-1)
# Java VM: Java HotSpot(TM) 64-Bit Server VM (18.0.2.1+1-1, mixed mode, sharing, tiered, compressed oops, compressed class ptrs, g1 gc, windows-amd64)
GC Precious Log:
 CardTable entry size: 512
 Card Set container configuration: InlinePtr #cards 5 size 8 Array Of Cards #cards 12 size 40 Howl #buckets 4 coarsen threshold 1843 Howl Bitmap #cards 512 size 80 coarsen threshold 460 Card regions per heap region 1 cards per card region 2048
 CPUs: 8 total, 8 available
 Memory: 8029M
 Large Page Support: Disabled
 NUMA Support: Disabled
 Compressed Oops: Enabled (32-bit)
 Heap Region Size: 1M
 Heap Min Capacity: 8M
 Heap Initial Capacity: 126M
 Heap Max Capacity: 2G
 Pre-touch: Disabled
 Parallel Workers: 8
 Concurrent Workers: 2
 Concurrent Refinement Workers: 8
 Periodic GC: Disabled
Heap:
 garbage-first heap   total 113664K, used 82796K [0x0000000080000000, 0x0000000100000000)
  region size 1024K, 24 young (24576K), 1 survivors (1024K)
 Metaspace       used 58786K, committed 60608K, reserved 487424K
  class space    used 8331K, committed 9280K, reserved 421888K
GC Heap History (20 events):
Event: 93.789 GC heap before
{Heap before GC invocations=11 (full 0):
 garbage-first heap   total 81920K, used 63606K [0x0000000080000000, 0x0000000100000000)
  region size 1024K, 29 young (29696K), 3 survivors (3072K)
 Metaspace       used 43088K, committed 44608K, reserved 487424K
  class space    used 6051K, committed 6848K, reserved 421888K
}
Event: 93.793 GC heap after
{Heap after GC invocations=12 (full 0):
 garbage-first heap   total 81920K, used 38001K [0x0000000080000000, 0x0000000100000000)
  region size 1024K, 4 young (4096K), 4 survivors (4096K)
 Metaspace       used 43088K, committed 44608K, reserved 487424K
  class space    used 6051K, committed 6848K, reserved 421888K
}
Event: 95.168 GC heap before
{Heap before GC invocations=12 (full 0):
 garbage-first heap   total 81920K, used 63601K [0x0000000080000000, 0x0000000100000000)
  region size 1024K, 30 young (30720K), 4 survivors (4096K)
 Metaspace       used 46191K, committed 47808K, reserved 487424K
  class space    used 6527K, committed 7296K, reserved 421888K
}
Event: 95.177 GC heap after
{Heap after GC invocations=13 (full 0):
 garbage-first heap   total 81920K, used 40719K [0x0000000080000000, 0x0000000100000000)
  region size 1024K, 4 young (4096K), 4 survivors (4096K)
 Metaspace       used 46191K, committed 47808K, reserved 487424K
  class space    used 6527K, committed 7296K, reserved 421888K
}
Event: 96.495 GC heap before
{Heap before GC invocations=13 (full 0):
 garbage-first heap   total 81920K, used 64271K [0x0000000080000000, 0x0000000100000000)
  region size 1024K, 28 young (28672K), 4 survivors (4096K)
 Metaspace       used 48743K, committed 50432K, reserved 487424K
  class space    used 6899K, committed 7744K, reserved 421888K
}
Event: 96.513 GC heap after
{Heap after GC invocations=14 (full 0):
 garbage-first heap   total 81920K, used 43141K [0x0000000080000000, 0x0000000100000000)
  region size 1024K, 3 young (3072K), 3 survivors (3072K)
 Metaspace       used 48743K, committed 50432K, reserved 487424K
  class space    used 6899K, committed 7744K, reserved 421888K
}
Event: 96.894 GC heap before
{Heap before GC invocations=15 (full 0):
 garbage-first heap   total 81920K, used 51333K [0x0000000080000000, 0x0000000100000000)
  region size 1024K, 8 young (8192K), 3 survivors (3072K)
 Metaspace       used 48866K, committed 50560K, reserved 487424K
  class space    used 6914K, committed 7808K, reserved 421888K
}
Event: 96.903 GC heap after
{Heap after GC invocations=16 (full 0):
 garbage-first heap   total 81920K, used 48351K [0x0000000080000000, 0x0000000100000000)
  region size 1024K, 2 young (2048K), 2 survivors (2048K)
 Metaspace       used 48866K, committed 50560K, reserved 487424K
  class space    used 6914K, committed 7808K, reserved 421888K
}
Event: 98.148 GC heap before
{Heap before GC invocations=17 (full 0):
 garbage-first heap   total 92160K, used 68831K [0x0000000080000000, 0x0000000100000000)
  region size 1024K, 18 young (18432K), 2 survivors (2048K)
 Metaspace       used 51082K, committed 52800K, reserved 487424K
  class space    used 7192K, committed 8128K, reserved 421888K
}
Event: 98.152 GC heap after
{Heap after GC invocations=18 (full 0):
 garbage-first heap   total 92160K, used 54547K [0x0000000080000000, 0x0000000100000000)
  region size 1024K, 3 young (3072K), 3 survivors (3072K)
 Metaspace       used 51082K, committed 52800K, reserved 487424K
  class space    used 7192K, committed 8128K, reserved 421888K
}
Event: 98.217 GC heap before
{Heap before GC invocations=18 (full 0):
 garbage-first heap   total 92160K, used 55571K [0x0000000080000000, 0x0000000100000000)
  region size 1024K, 4 young (4096K), 3 survivors (3072K)
 Metaspace       used 51194K, committed 52928K, reserved 487424K
  class space    used 7207K, committed 8128K, reserved 421888K
}
Event: 98.220 GC heap after
{Heap after GC invocations=19 (full 0):
 garbage-first heap   total 92160K, used 54183K [0x0000000080000000, 0x0000000100000000)
  region size 1024K, 1 young (1024K), 1 survivors (1024K)
 Metaspace       used 51194K, committed 52928K, reserved 487424K
  class space    used 7207K, committed 8128K, reserved 421888K
}
Event: 98.859 GC heap before
{Heap before GC invocations=19 (full 0):
 garbage-first heap   total 92160K, used 70567K [0x0000000080000000, 0x0000000100000000)
  region size 1024K, 18 young (18432K), 1 survivors (1024K)
 Metaspace       used 52573K, committed 54336K, reserved 487424K
  class space    used 7437K, committed 8384K, reserved 421888K
}
Event: 98.864 GC heap after
{Heap after GC invocations=20 (full 0):
 garbage-first heap   total 92160K, used 54594K [0x0000000080000000, 0x0000000100000000)
  region size 1024K, 1 young (1024K), 1 survivors (1024K)
 Metaspace       used 52573K, committed 54336K, reserved 487424K
  class space    used 7437K, committed 8384K, reserved 421888K
}
Event: 99.741 GC heap before
{Heap before GC invocations=21 (full 0):
 garbage-first heap   total 94208K, used 76098K [0x0000000080000000, 0x0000000100000000)
  region size 1024K, 19 young (19456K), 1 survivors (1024K)
 Metaspace       used 54466K, committed 56320K, reserved 487424K
  class space    used 7748K, committed 8704K, reserved 421888K
}
Event: 99.744 GC heap after
{Heap after GC invocations=22 (full 0):
 garbage-first heap   total 94208K, used 60139K [0x0000000080000000, 0x0000000100000000)
  region size 1024K, 3 young (3072K), 3 survivors (3072K)
 Metaspace       used 54466K, committed 56320K, reserved 487424K
  class space    used 7748K, committed 8704K, reserved 421888K
}
Event: 99.807 GC heap before
{Heap before GC invocations=22 (full 0):
 garbage-first heap   total 94208K, used 61163K [0x0000000080000000, 0x0000000100000000)
  region size 1024K, 4 young (4096K), 3 survivors (3072K)
 Metaspace       used 54609K, committed 56512K, reserved 487424K
  class space    used 7750K, committed 8704K, reserved 421888K
}
Event: 99.813 GC heap after
{Heap after GC invocations=23 (full 0):
 garbage-first heap   total 113664K, used 59563K [0x0000000080000000, 0x0000000100000000)
  region size 1024K, 1 young (1024K), 1 survivors (1024K)
 Metaspace       used 54609K, committed 56512K, reserved 487424K
  class space    used 7750K, committed 8704K, reserved 421888K
}
Event: 101.243 GC heap before
{Heap before GC invocations=23 (full 0):
 garbage-first heap   total 113664K, used 85163K [0x0000000080000000, 0x0000000100000000)
  region size 1024K, 27 young (27648K), 1 survivors (1024K)
 Metaspace       used 56494K, committed 58368K, reserved 487424K
  class space    used 7997K, committed 8960K, reserved 421888K
}
Event: 101.247 GC heap after
{Heap after GC invocations=24 (full 0):
 garbage-first heap   total 113664K, used 60268K [0x0000000080000000, 0x0000000100000000)
  region size 1024K, 1 young (1024K), 1 survivors (1024K)
 Metaspace       used 56494K, committed 58368K, reserved 487424K
  class space    used 7997K, committed 8960K, reserved 421888K
}

